Nov 04, 2024 9:07:39 PM seedu.healthmate.services.ChatParser <init>
INFO: Initializing HistoryTracker
Nov 04, 2024 9:07:39 PM seedu.healthmate.services.ChatParser <init>
INFO: Loaded MealEntries
Nov 04, 2024 9:07:39 PM seedu.healthmate.services.ChatParser <init>
INFO: Loaded MealOptions
Nov 04, 2024 9:07:39 PM seedu.healthmate.services.ChatParser <init>
INFO: Initializing UserHistoryTracker
Nov 04, 2024 9:07:39 PM seedu.healthmate.services.ChatParser run
INFO: Checking if user data exists
Nov 04, 2024 9:07:39 PM seedu.healthmate.services.ChatParser parseUserInput
INFO: Getting next user input line
Nov 04, 2024 9:07:39 PM seedu.healthmate.services.ChatParser multiCommandParsing
INFO: User commands are: Pair of add mealEntry, [Ljava.lang.String;@1722011b
Nov 04, 2024 9:07:39 PM seedu.healthmate.command.commands.AddMealEntryCommand executeCommand
INFO: Executing command to add a meal to mealEntries
Nov 04, 2024 9:07:39 PM seedu.healthmate.services.ChatParser parseUserInput
INFO: User input contains more than 1 token
Nov 04, 2024 9:07:39 PM seedu.healthmate.services.ChatParser parseUserInput
INFO: Getting next user input line
Nov 04, 2024 9:07:39 PM seedu.healthmate.services.ChatParser parseUserInput
INFO: User closes application
