Oct 23, 2024 1:54:57 PM seedu.healthmate.ChatParser <init>
INFO: Initializing HistoryTracker
Oct 23, 2024 1:54:57 PM seedu.healthmate.ChatParser <init>
INFO: Loaded MealEntries
Oct 23, 2024 1:54:57 PM seedu.healthmate.ChatParser <init>
INFO: Loaded MealOptions
Oct 23, 2024 1:54:57 PM seedu.healthmate.ChatParser run
INFO: Checking if user data exists
Oct 23, 2024 1:54:57 PM seedu.healthmate.ChatParser run
INFO: Getting next user input line
Oct 23, 2024 1:54:57 PM seedu.healthmate.ChatParser multiCommandParsing
INFO: User command is: save meal
Oct 23, 2024 1:54:57 PM seedu.healthmate.ChatParser multiCommandParsing
INFO: Executing command to save meal to meal options
Oct 23, 2024 1:54:57 PM seedu.healthmate.ChatParser run
INFO: User input contains more than 1 token
Oct 23, 2024 1:54:57 PM seedu.healthmate.ChatParser run
INFO: Getting next user input line
Oct 23, 2024 1:54:57 PM seedu.healthmate.ChatParser run
INFO: User closes application
